<?xml version="1.0" encoding="UTF-8"?>
<!-- Generated by org.testng.reporters.JUnitReportReporter -->
<testsuite skipped="0" hostname="AAPCLW10-1670" name="mainScript.DriverScript" tests="5" failures="0" timestamp="19 Jul 2019 12:19:51 GMT" time="17.388" errors="0">
  <testcase name="tc01" time="7.789" classname="mainScript.DriverScript"/>
  <testcase name="tc02" time="3.802" classname="mainScript.DriverScript"/>
  <testcase name="tc03" time="5.599" classname="mainScript.DriverScript"/>
  <testcase name="tc04" time="0.198" classname="mainScript.DriverScript"/>
  <testcase name="tc05" time="0.000" classname="mainScript.DriverScript"/>
</testsuite> <!-- mainScript.DriverScript -->
