<?xml version="1.0" encoding="UTF-8"?>
<!-- Generated by org.testng.reporters.JUnitReportReporter -->
<testsuite skipped="0" hostname="AAPCLW10-1670" name="mainScript.DriverScript" tests="5" failures="0" timestamp="20 Jul 2019 01:54:51 GMT" time="20.432" errors="0">
  <testcase name="tc01" time="9.963" classname="mainScript.DriverScript"/>
  <testcase name="tc02" time="4.382" classname="mainScript.DriverScript"/>
  <testcase name="tc03" time="5.631" classname="mainScript.DriverScript"/>
  <testcase name="tc04" time="0.456" classname="mainScript.DriverScript"/>
  <testcase name="tc05" time="0.000" classname="mainScript.DriverScript"/>
</testsuite> <!-- mainScript.DriverScript -->
